<?xml version="1.0" encoding="UTF-8"?>
<!-- Generated by org.testng.reporters.JUnitReportReporter -->
<testsuite hostname="Aaveshs-MacBook-Air.local" failures="0" tests="2" name="e_commerce.Test_classes" time="24.992" errors="0" timestamp="2024-10-14T17:03:39 IST" skipped="0">
  <testcase classname="e_commerce.Test_classes" name="Buynow" time="7.752"/>
  <testcase classname="e_commerce.Test_classes" name="test" time="17.240"/>
</testsuite> <!-- e_commerce.Test_classes -->
