<?xml version="1.0" encoding="UTF-8"?>
<!-- Generated by org.testng.reporters.JUnitReportReporter -->
<testsuite hostname="Aaveshs-MacBook-Air.local" failures="0" tests="2" name="ecommerce2.Pets" time="139.610" errors="0" timestamp="2024-10-10T17:15:11 IST" skipped="0">
  <testcase classname="ecommerce2.Pets" name="addcart" time="64.952"/>
  <testcase classname="ecommerce2.Pets" name="Buynow" time="74.658"/>
</testsuite> <!-- ecommerce2.Pets -->
